<?xml version="1.0" encoding="UTF-8" ?>
<testsuite tests="8" failures="0" name="pt.ulisboa.tecnico.hdsledger.tests.ByzantineClientsTest" time="29.956" errors="0" skipped="0">
  <properties>
    <property name="java.runtime.name" value="OpenJDK Runtime Environment"/>
    <property name="java.vm.version" value="17.0.10+7"/>
    <property name="sun.boot.library.path" value="/usr/lib/jvm/java-17-openjdk/lib"/>
    <property name="maven.multiModuleProjectDirectory" value="/home/rui/SEC/HDS24/HDSLedger"/>
    <property name="java.vm.vendor" value="Oracle Corporation"/>
    <property name="java.vendor.url" value="https://openjdk.java.net/"/>
    <property name="path.separator" value=":"/>
    <property name="guice.disable.misplaced.annotation.check" value="true"/>
    <property name="java.vm.name" value="OpenJDK 64-Bit Server VM"/>
    <property name="user.country" value="GB"/>
    <property name="sun.java.launcher" value="SUN_STANDARD"/>
    <property name="user.dir" value="/home/rui/SEC/HDS24/HDSLedger"/>
    <property name="java.vm.compressedOopsMode" value="Zero based"/>
    <property name="java.vm.specification.name" value="Java Virtual Machine Specification"/>
    <property name="java.runtime.version" value="17.0.10+7"/>
    <property name="os.arch" value="amd64"/>
    <property name="java.io.tmpdir" value="/tmp"/>
    <property name="line.separator" value="
"/>
    <property name="java.vm.specification.vendor" value="Oracle Corporation"/>
    <property name="os.name" value="Linux"/>
    <property name="classworlds.conf" value="/opt/maven/bin/m2.conf"/>
    <property name="sun.jnu.encoding" value="UTF-8"/>
    <property name="java.library.path" value="/usr/java/packages/lib:/usr/lib64:/lib64:/lib:/usr/lib"/>
    <property name="maven.conf" value="/opt/maven/conf"/>
    <property name="jdk.debug" value="release"/>
    <property name="java.class.version" value="61.0"/>
    <property name="java.specification.name" value="Java Platform API Specification"/>
    <property name="sun.management.compiler" value="HotSpot 64-Bit Tiered Compilers"/>
    <property name="os.version" value="6.6.1-arch1-1"/>
    <property name="library.jansi.path" value="/opt/maven/lib/jansi-native"/>
    <property name="user.home" value="/home/rui"/>
    <property name="user.timezone" value="Europe/Lisbon"/>
    <property name="file.encoding" value="UTF-8"/>
    <property name="java.specification.version" value="17"/>
    <property name="user.name" value="rui"/>
    <property name="java.class.path" value="/opt/maven/boot/plexus-classworlds-2.6.0.jar"/>
    <property name="java.vm.specification.version" value="17"/>
    <property name="sun.arch.data.model" value="64"/>
    <property name="sun.java.command" value="org.codehaus.plexus.classworlds.launcher.Launcher test"/>
    <property name="java.home" value="/usr/lib/jvm/java-17-openjdk"/>
    <property name="user.language" value="en"/>
    <property name="java.specification.vendor" value="Oracle Corporation"/>
    <property name="java.vm.info" value="mixed mode"/>
    <property name="java.version" value="17.0.10"/>
    <property name="native.encoding" value="UTF-8"/>
    <property name="java.vendor" value="N/A"/>
    <property name="sun.stderr.encoding" value="UTF-8"/>
    <property name="maven.home" value="/opt/maven"/>
    <property name="file.separator" value="/"/>
    <property name="java.version.date" value="2024-01-16"/>
    <property name="java.vendor.url.bug" value="https://bugreport.java.com/bugreport/"/>
    <property name="sun.cpu.endian" value="little"/>
    <property name="sun.io.unicode.encoding" value="UnicodeLittle"/>
    <property name="sun.stdout.encoding" value="UTF-8"/>
  </properties>
  <testcase classname="pt.ulisboa.tecnico.hdsledger.tests.ByzantineClientsTest" name="pt.ulisboa.tecnico.hdsledger.tests.ByzantineClientsTest.test_impersonator_client" time="5.113"/>
  <testcase classname="pt.ulisboa.tecnico.hdsledger.tests.ByzantineClientsTest" name="pt.ulisboa.tecnico.hdsledger.tests.ByzantineClientsTest.test_dos_attack" time="2.095"/>
  <testcase classname="pt.ulisboa.tecnico.hdsledger.tests.ByzantineClientsTest" name="pt.ulisboa.tecnico.hdsledger.tests.ByzantineClientsTest.test_client_sends_malformed_request" time="5.857"/>
  <testcase classname="pt.ulisboa.tecnico.hdsledger.tests.ByzantineClientsTest" name="pt.ulisboa.tecnico.hdsledger.tests.ByzantineClientsTest.test_client_sends_request_to_nonleader" time="3.519"/>
  <testcase classname="pt.ulisboa.tecnico.hdsledger.tests.ByzantineClientsTest" name="pt.ulisboa.tecnico.hdsledger.tests.ByzantineClientsTest.test_impersonator_client_with_leader" time="0.587"/>
  <testcase classname="pt.ulisboa.tecnico.hdsledger.tests.ByzantineClientsTest" name="pt.ulisboa.tecnico.hdsledger.tests.ByzantineClientsTest.test_client_sends_different_requests" time="1.373"/>
  <testcase classname="pt.ulisboa.tecnico.hdsledger.tests.ByzantineClientsTest" name="pt.ulisboa.tecnico.hdsledger.tests.ByzantineClientsTest.test_client_sends_diff_requests_leader_sleeps" time="8.924"/>
  <testcase classname="pt.ulisboa.tecnico.hdsledger.tests.ByzantineClientsTest" name="pt.ulisboa.tecnico.hdsledger.tests.ByzantineClientsTest.test_client_sends_request_to_leader" time="2.488"/>
</testsuite>